<?xml version="1.0" encoding="UTF-8"?>
<!-- Generated by org.testng.reporters.JUnitReportReporter -->
<testsuite hostname="DESKTOP-8VF1PVM" failures="0" tests="1" name="com.baseclass.BaseClass" time="2.873" errors="0" timestamp="2022-10-22T06:46:41 IST" skipped="0">
  <testcase classname="com.baseclass.BaseClass" name="url" time="2.873"/>
  <system-out/>
</testsuite> <!-- com.baseclass.BaseClass -->
