<?xml version="1.0" encoding="UTF-8"?>
<!-- Generated by org.testng.reporters.JUnitReportReporter -->
<testsuite hostname="DESKTOP-8VF1PVM" failures="0" tests="4" name="com.execution.LoginPageExecution" time="0.670" errors="0" timestamp="2022-10-22T06:46:41 IST" skipped="3">
  <testcase classname="com.execution.LoginPageExecution" name="url" time="0.670"/>
  <system-out/>
  <testcase classname="com.execution.LoginPageExecution" name="loginClick">
    <skipped/>
  </testcase> <!-- loginClick -->
  <system-out/>
  <testcase classname="com.execution.LoginPageExecution" name="username">
    <skipped/>
  </testcase> <!-- username -->
  <system-out/>
  <testcase classname="com.execution.LoginPageExecution" name="password">
    <skipped/>
  </testcase> <!-- password -->
  <system-out/>
</testsuite> <!-- com.execution.LoginPageExecution -->
